"2024-06-10 15:09:49 [restartedMain] INFO  c.project.grocery.GroceryApplication - Starting GroceryApplication using Java 17.0.11 with PID 215946 (/home/siddhia/java/Springboot/GroceryManagement/grocery/target/classes started by siddhia in /home/siddhia/java/Springboot/GroceryManagement)
""2024-06-10 15:09:49 [restartedMain] INFO  c.project.grocery.GroceryApplication - No active profile set, falling back to 1 default profile: "default"
""2024-06-10 15:09:49 [restartedMain] INFO  o.s.b.d.e.DevToolsPropertyDefaultsPostProcessor - Devtools property defaults active! Set 'spring.devtools.add-properties' to 'false' to disable
""2024-06-10 15:09:49 [restartedMain] INFO  o.s.b.d.e.DevToolsPropertyDefaultsPostProcessor - For additional web related logging consider setting the 'logging.level.web' property to 'DEBUG'
""2024-06-10 15:09:50 [restartedMain] INFO  o.s.d.r.c.RepositoryConfigurationDelegate - Bootstrapping Spring Data JPA repositories in DEFAULT mode.
""2024-06-10 15:09:50 [restartedMain] INFO  o.s.d.r.c.RepositoryConfigurationDelegate - Finished Spring Data repository scanning in 44 ms. Found 3 JPA repository interfaces.
""2024-06-10 15:09:50 [restartedMain] INFO  o.s.b.w.e.tomcat.TomcatWebServer - Tomcat initialized with port 8080 (http)
""2024-06-10 15:09:50 [restartedMain] INFO  o.a.catalina.core.StandardService - Starting service [Tomcat]
""2024-06-10 15:09:50 [restartedMain] INFO  o.a.catalina.core.StandardEngine - Starting Servlet engine: [Apache Tomcat/10.1.24]
""2024-06-10 15:09:50 [restartedMain] INFO  o.a.c.c.C.[Tomcat].[localhost].[/] - Initializing Spring embedded WebApplicationContext
""2024-06-10 15:09:50 [restartedMain] INFO  o.s.b.w.s.c.ServletWebServerApplicationContext - Root WebApplicationContext: initialization completed in 1033 ms
""2024-06-10 15:09:50 [restartedMain] INFO  o.h.jpa.internal.util.LogHelper - HHH000204: Processing PersistenceUnitInfo [name: default]
""2024-06-10 15:09:50 [restartedMain] INFO  org.hibernate.Version - HHH000412: Hibernate ORM core version 6.5.2.Final
""2024-06-10 15:09:50 [restartedMain] INFO  o.h.c.i.RegionFactoryInitiator - HHH000026: Second-level cache disabled
""2024-06-10 15:09:51 [restartedMain] INFO  o.s.o.j.p.SpringPersistenceUnitInfo - No LoadTimeWeaver setup: ignoring JPA class transformer
""2024-06-10 15:09:51 [restartedMain] INFO  com.zaxxer.hikari.HikariDataSource - HikariPool-1 - Starting...
""2024-06-10 15:09:51 [restartedMain] INFO  com.zaxxer.hikari.pool.HikariPool - HikariPool-1 - Added connection org.postgresql.jdbc.PgConnection@10e32631
""2024-06-10 15:09:51 [restartedMain] INFO  com.zaxxer.hikari.HikariDataSource - HikariPool-1 - Start completed.
""2024-06-10 15:09:51 [restartedMain] WARN  org.hibernate.orm.deprecation - HHH90000025: PostgreSQLDialect does not need to be specified explicitly using 'hibernate.dialect' (remove the property setting and it will be selected by default)
""2024-06-10 15:09:52 [restartedMain] INFO  o.h.e.t.j.p.i.JtaPlatformInitiator - HHH000489: No JTA platform available (set 'hibernate.transaction.jta.platform' to enable JTA platform integration)
""2024-06-10 15:09:52 [restartedMain] INFO  o.s.o.j.LocalContainerEntityManagerFactoryBean - Initialized JPA EntityManagerFactory for persistence unit 'default'
""2024-06-10 15:09:52 [restartedMain] INFO  o.s.b.f.a.AutowiredAnnotationBeanPostProcessor - Autowired annotation is not supported on static fields: private static final org.slf4j.Logger com.project.grocery.Controller.BillController.logger
""2024-06-10 15:09:52 [restartedMain] INFO  o.s.s.c.a.a.c.InitializeUserDetailsBeanManagerConfigurer$InitializeUserDetailsManagerConfigurer - Global AuthenticationManager configured with UserDetailsService bean with name userDetailService
""2024-06-10 15:09:52 [restartedMain] WARN  o.s.b.a.o.j.JpaBaseConfiguration$JpaWebConfiguration - spring.jpa.open-in-view is enabled by default. Therefore, database queries may be performed during view rendering. Explicitly configure spring.jpa.open-in-view to disable this warning
""2024-06-10 15:09:52 [restartedMain] INFO  o.s.s.web.DefaultSecurityFilterChain - Will secure any request with [org.springframework.security.web.session.DisableEncodeUrlFilter@4e4ec1fb, org.springframework.security.web.context.request.async.WebAsyncManagerIntegrationFilter@3c541a1a, org.springframework.security.web.context.SecurityContextHolderFilter@677fdaa4, org.springframework.security.web.header.HeaderWriterFilter@c482f72, org.springframework.web.filter.CorsFilter@59d2dcbf, org.springframework.security.web.authentication.logout.LogoutFilter@6b342e38, com.project.grocery.Jwt.JwtAuthenticationFilter@27e2738f, org.springframework.security.web.savedrequest.RequestCacheAwareFilter@48fe087e, org.springframework.security.web.servletapi.SecurityContextHolderAwareRequestFilter@65bf2265, org.springframework.security.web.authentication.AnonymousAuthenticationFilter@6df9991a, org.springframework.security.web.session.SessionManagementFilter@75980385, org.springframework.security.web.access.ExceptionTranslationFilter@2019431f, org.springframework.security.web.access.intercept.FilterSecurityInterceptor@4fe65a0e]
""2024-06-10 15:09:52 [restartedMain] INFO  o.s.b.d.a.OptionalLiveReloadServer - LiveReload server is running on port 35729
""2024-06-10 15:09:52 [restartedMain] INFO  o.s.b.w.e.tomcat.TomcatWebServer - Tomcat started on port 8080 (http) with context path '/'
""2024-06-10 15:09:52 [restartedMain] INFO  c.project.grocery.GroceryApplication - Started GroceryApplication in 3.514 seconds (process running for 3.835)
""2024-06-10 15:10:27 [http-nio-8080-exec-1] INFO  o.a.c.c.C.[Tomcat].[localhost].[/] - Initializing Spring DispatcherServlet 'dispatcherServlet'
""2024-06-10 15:10:27 [http-nio-8080-exec-1] INFO  c.p.g.Jwt.JwtAuthenticationFilter - Given JWT token is expired !!
""2024-06-10 15:10:49 [http-nio-8080-exec-3] INFO  c.p.g.Jwt.JwtAuthenticationFilter - Given JWT token is expired !!
""2024-06-10 15:10:49 [http-nio-8080-exec-3] INFO  c.p.g.C.JwtAuthenticationController - Received authentication request for user: admin
""2024-06-10 15:10:49 [http-nio-8080-exec-3] INFO  c.p.g.C.JwtAuthenticationController - User admin authenticated successfully
""2024-06-10 15:11:11 [http-nio-8080-exec-4] INFO  c.p.g.Controller.CustomerController - Received getAllCustomers request
""2024-06-10 15:11:12 [http-nio-8080-exec-4] INFO  c.p.g.Service.CustomerServiceImpl - Retrieved 12 customers
""2024-06-10 15:11:12 [http-nio-8080-exec-4] INFO  c.p.g.Controller.CustomerController - Retrieved all customers successfully [Customer(customerId=7, name=seeta, email=seeta@example.com, phone=1264567790), Customer(customerId=8, name=janki, email=janki@example.com, phone=12356798890), Customer(customerId=11, name=geeta, email=geeta@gmail.com, phone=123-555-7890), Customer(customerId=13, name=Jshubham, email=shubham@example.com, phone=1234567850), Customer(customerId=14, name=sham, email=sham@example.com, phone=1274567850), Customer(customerId=1, name=siddhudi, email=siddhi.ambre@example.com, phone=8261016185), Customer(customerId=15, name=mans chalke, email=manas.chalake@gmail.com, phone=8234768890), Customer(customerId=12, name=kirti chalke, email=kirti.chalake@gmail.com, phone=8834768890), Customer(customerId=26, name=Kavya ambre, email=kavya.ambre@example.com, phone=1237567890), Customer(customerId=6, name=Iram sakharkar, email=iram.sakharkar@example.com, phone=1237467890), Customer(customerId=28, name=omsakharkar, email=om.sakharkar@example.com, phone=4521478536), Customer(customerId=29, name=divu jamoon, email=divu.jamoon@example.com, phone=4521778536)]
""2024-06-10 15:33:33 [SpringApplicationShutdownHook] INFO  o.s.o.j.LocalContainerEntityManagerFactoryBean - Closing JPA EntityManagerFactory for persistence unit 'default'
""2024-06-10 15:33:33 [SpringApplicationShutdownHook] INFO  com.zaxxer.hikari.HikariDataSource - HikariPool-1 - Shutdown initiated...
""2024-06-10 15:33:33 [SpringApplicationShutdownHook] INFO  com.zaxxer.hikari.HikariDataSource - HikariPool-1 - Shutdown completed.
"